Test: one client (4A) ...
  ... Passed --  15.4  5 17741 3409
Test: ops complete fast enough (4A) ...
  ... Passed --   1.8  3  3041    0
Test: many clients (4A) ...
  ... Passed --  15.3  5 16928 3244
Test: unreliable net, many clients (4A) ...
  ... Passed --  20.1  5  4626  565
Test: concurrent append to same key, unreliable (4A) ...
  ... Passed --   3.3  3   255   52
Test: progress in majority (4A) ...
  ... Passed --   1.0  5    94    2
Test: no progress in minority (4A) ...
  ... Passed --   1.0  5   143    3
Test: completion after heal (4A) ...
  ... Passed --   1.2  5    71    3
Test: partitions, one client (4A) ...
  ... Passed --  23.0  5 17997 3350
Test: partitions, many clients (4A) ...
  ... Passed --  23.5  5 20019 3666
Test: restarts, one client (4A) ...
labgob warning: Decoding into a non-default variable/field int may not work
  ... Passed --  21.3  5 19282 3697
Test: restarts, many clients (4A) ...
  ... Passed --  21.6  5 18479 3468
Test: unreliable net, restarts, many clients (4A) ...
  ... Passed --  26.7  5  4941  545
Test: restarts, partitions, many clients (4A) ...
  ... Passed --  27.7  5 20920 3901
Test: unreliable net, restarts, partitions, many clients (4A) ...
  ... Passed --  30.9  5  4682  446
Test: unreliable net, restarts, partitions, random keys, many clients (4A) ...
  ... Passed --  35.9  7 13282 1012
Test: InstallSnapshot RPC (4B) ...
  ... Passed --   3.6  3   265   63
Test: snapshot size is reasonable (4B) ...
  ... Passed --   0.9  3  2415  800
Test: ops complete fast enough (4B) ...
  ... Passed --   1.7  3  3040    0
Test: restarts, snapshots, one client (4B) ...
  ... Passed --  21.7  5 96180 19065
Test: restarts, snapshots, many clients (4B) ...
  ... Passed --  21.3  5 90932 17584
Test: unreliable net, snapshots, many clients (4B) ...
  ... Passed --  18.2  5  4068  467
Test: unreliable net, restarts, snapshots, many clients (4B) ...
  ... Passed --  21.6  5  4117  455
Test: unreliable net, restarts, partitions, snapshots, many clients (4B) ...
  ... Passed --  29.9  5  4105  324
Test: unreliable net, restarts, partitions, snapshots, random keys, many clients (4B) ...
  ... Passed --  31.9  7  9551  611
PASS
ok  	6.5840/kvraft	421.276s
