Test: InstallSnapshot RPC (4B) ...
labgob warning: Decoding into a non-default variable/field int may not work
  ... Passed --   3.9  3   337   63
Test: snapshot size is reasonable (4B) ...
  ... Passed --   1.7  3  2439  800
Test: ops complete fast enough (4B) ...
  ... Passed --   2.0  3  3044    0
Test: restarts, snapshots, one client (4B) ...
  ... Passed --  21.0  5 83495 16532
Test: restarts, snapshots, many clients (4B) ...
  ... Passed --  21.6  5 80638 15458
Test: unreliable net, snapshots, many clients (4B) ...
  ... Passed --  18.4  5  3945  447
Test: unreliable net, restarts, snapshots, many clients (4B) ...
  ... Passed --  23.5  5  4401  480
Test: unreliable net, restarts, partitions, snapshots, many clients (4B) ...
  ... Passed --  31.5  5  3804  286
Test: unreliable net, restarts, partitions, snapshots, random keys, many clients (4B) ...
  ... Passed --  34.6  7  9223  563
PASS
ok  	6.5840/kvraft	158.258s
